<?xml version="1.0" encoding="UTF-8"?>
<testsuite name="com.galaxy.merchant.guide.AnInterGalacticApp" tests="10" skipped="0" failures="0" errors="0" timestamp="2018-07-24T15:52:37" hostname="Gayathris-MBP" time="0.029">
  <properties/>
  <testcase name="failsWhenNoFileSpecified" classname="com.galaxy.merchant.guide.AnInterGalacticApp" time="0.005"/>
  <testcase name="canReadLinesFromFile" classname="com.galaxy.merchant.guide.AnInterGalacticApp" time="0.017"/>
  <testcase name="failsWhenFileNameIsNull" classname="com.galaxy.merchant.guide.AnInterGalacticApp" time="0.001"/>
  <testcase name="failsForInvalidPath" classname="com.galaxy.merchant.guide.AnInterGalacticApp" time="0.0"/>
  <testcase name="failsForFileMissingKeyInfo" classname="com.galaxy.merchant.guide.AnInterGalacticApp" time="0.0"/>
  <testcase name="failsWhenNoArgsPassed" classname="com.galaxy.merchant.guide.AnInterGalacticApp" time="0.0"/>
  <testcase name="failsForNonExistentFile" classname="com.galaxy.merchant.guide.AnInterGalacticApp" time="0.0"/>
  <testcase name="failsWhenFileNameIsBlank" classname="com.galaxy.merchant.guide.AnInterGalacticApp" time="0.001"/>
  <testcase name="failsForFileContainingKeyInfoInInvalidFormat" classname="com.galaxy.merchant.guide.AnInterGalacticApp" time="0.003"/>
  <testcase name="failsForEmptyFile" classname="com.galaxy.merchant.guide.AnInterGalacticApp" time="0.0"/>
  <system-out><![CDATA[]]></system-out>
  <system-err><![CDATA[]]></system-err>
</testsuite>
