<?xml version="1.0" encoding="UTF-8"?>
<testsuite name="com.galaxy.merchant.guide.AnInterGalacticUnitConversionNotesParser" tests="1" skipped="0" failures="0" errors="0" timestamp="2018-07-24T15:52:37" hostname="Gayathris-MBP" time="0.0">
  <properties/>
  <testcase name="parsesLinesFromNotesContainingGalacticUnitConversion" classname="com.galaxy.merchant.guide.AnInterGalacticUnitConversionNotesParser" time="0.0"/>
  <system-out><![CDATA[]]></system-out>
  <system-err><![CDATA[]]></system-err>
</testsuite>
