<?xml version="1.0" encoding="UTF-8"?>
<testsuite name="com.galaxy.merchant.guide.AnEarthMaterialTransactionParser" tests="3" skipped="0" failures="0" errors="0" timestamp="2018-07-24T15:52:37" hostname="Gayathris-MBP" time="0.003">
  <properties/>
  <testcase name="failsToParseEarthMaterialTransactionIfFormatIncorrect" classname="com.galaxy.merchant.guide.AnEarthMaterialTransactionParser" time="0.0"/>
  <testcase name="computesCreditsForEarthMaterial" classname="com.galaxy.merchant.guide.AnEarthMaterialTransactionParser" time="0.001"/>
  <testcase name="parsesEarthMaterialTransactions" classname="com.galaxy.merchant.guide.AnEarthMaterialTransactionParser" time="0.001"/>
  <system-out><![CDATA[]]></system-out>
  <system-err><![CDATA[]]></system-err>
</testsuite>
