<?xml version="1.0" encoding="UTF-8"?>
<testsuite name="com.galaxy.merchant.guide.AQueryResponder" tests="11" skipped="0" failures="0" errors="0" timestamp="2018-07-24T15:52:37" hostname="Gayathris-MBP" time="0.007">
  <properties/>
  <testcase name="cannotAnswerSilencesInPlaceOfTransactionQuery" classname="com.galaxy.merchant.guide.AQueryResponder" time="0.001"/>
  <testcase name="constructsQueryResponderSuccessfully" classname="com.galaxy.merchant.guide.AQueryResponder" time="0.0"/>
  <testcase name="cannotAnswerIncorrectlyFormedInterGalacticAmountQuery" classname="com.galaxy.merchant.guide.AQueryResponder" time="0.0"/>
  <testcase name="cannotAnswerAQueryWithUnknownGalacticUnit" classname="com.galaxy.merchant.guide.AQueryResponder" time="0.001"/>
  <testcase name="answersHowManyCreditsForATransaction" classname="com.galaxy.merchant.guide.AQueryResponder" time="0.001"/>
  <testcase name="cannotAnswerSilencesInPlaceOfInterGalacticAmountQuery" classname="com.galaxy.merchant.guide.AQueryResponder" time="0.0"/>
  <testcase name="answersHowMuchAnInterGalacticAmountIsInNumericalValue" classname="com.galaxy.merchant.guide.AQueryResponder" time="0.0"/>
  <testcase name="cannotAnswerAnyUnknownQuery" classname="com.galaxy.merchant.guide.AQueryResponder" time="0.0"/>
  <testcase name="cannotAnswerRandomSentencesInPlaceOfInterGalacticAmountQuery" classname="com.galaxy.merchant.guide.AQueryResponder" time="0.0"/>
  <testcase name="cannotAnswerAQueryWithUnknownEarthMaterial" classname="com.galaxy.merchant.guide.AQueryResponder" time="0.001"/>
  <testcase name="cannotAnswerRandomSentencesInPlaceOfTransactionQuery" classname="com.galaxy.merchant.guide.AQueryResponder" time="0.0"/>
  <system-out><![CDATA[]]></system-out>
  <system-err><![CDATA[]]></system-err>
</testsuite>
