<?xml version="1.0" encoding="UTF-8"?>
<testsuite name="com.galaxy.merchant.guide.AnInterGalacticDecipherer" tests="17" skipped="2" failures="0" errors="0" timestamp="2018-07-24T15:52:37" hostname="Gayathris-MBP" time="0.047">
  <properties/>
  <testcase name="answersQueriesOnNumberOfCredits" classname="com.galaxy.merchant.guide.AnInterGalacticDecipherer" time="0.019"/>
  <testcase name="canTakeAnInputOfLines" classname="com.galaxy.merchant.guide.AnInterGalacticDecipherer" time="0.002"/>
  <testcase name="putsAllQueriesIntoOneBucket" classname="com.galaxy.merchant.guide.AnInterGalacticDecipherer" time="0.003"/>
  <testcase name="putsTransactionNotesIntoRightBucket" classname="com.galaxy.merchant.guide.AnInterGalacticDecipherer" time="0.002"/>
  <testcase name="hasParsedAllLinesIntoOneOfTheBuckets" classname="com.galaxy.merchant.guide.AnInterGalacticDecipherer" time="0.002"/>
  <testcase name="putsHowMuchQueriesIntoRightBucket" classname="com.galaxy.merchant.guide.AnInterGalacticDecipherer" time="0.001"/>
  <testcase name="putsInterGalacticUnitNotesIntoRightBucket" classname="com.galaxy.merchant.guide.AnInterGalacticDecipherer" time="0.004"/>
  <testcase name="computesEarthMaterialCreditsBasedTransactionsFromNotes" classname="com.galaxy.merchant.guide.AnInterGalacticDecipherer" time="0.002"/>
  <testcase name="computesInterGalacticUnitConversionMapFromNotes" classname="com.galaxy.merchant.guide.AnInterGalacticDecipherer" time="0.002"/>
  <testcase name="answersQueriesOnValueOfInterGalacticQuantity" classname="com.galaxy.merchant.guide.AnInterGalacticDecipherer" time="0.002"/>
  <testcase name="putsHowManyQueriesIntoRightBucket" classname="com.galaxy.merchant.guide.AnInterGalacticDecipherer" time="0.001"/>
  <testcase name="cannotDecipherWhenThereAreNoTransactionNotes" classname="com.galaxy.merchant.guide.AnInterGalacticDecipherer" time="0.001"/>
  <testcase name="fullMontyInput" classname="com.galaxy.merchant.guide.AnInterGalacticDecipherer" time="0.002"/>
  <testcase name="cannotDecipherWhenThereAreNoUnitCOnversionNotes" classname="com.galaxy.merchant.guide.AnInterGalacticDecipherer" time="0.0"/>
  <testcase name="cannotDecipherWhenThereAreNoLinesOfNotes" classname="com.galaxy.merchant.guide.AnInterGalacticDecipherer" time="0.0"/>
  <testcase name="answersRubbishSentencesWithDefaultAnswer" classname="com.galaxy.merchant.guide.AnInterGalacticDecipherer" time="0.0">
    <skipped/>
  </testcase>
  <testcase name="putsInvalidQueriesIntoRubbishBucket" classname="com.galaxy.merchant.guide.AnInterGalacticDecipherer" time="0.0">
    <skipped/>
  </testcase>
  <system-out><![CDATA[]]></system-out>
  <system-err><![CDATA[]]></system-err>
</testsuite>
